<?xml version="1.0" encoding="UTF-8"?>
<!-- Generated by org.testng.reporters.JUnitXMLReporter -->
<testsuite hostname="Girish-Laptop" ignored="0" name="Surefire test" tests="4" failures="0" timestamp="22 Apr 2019 06:00:45 GMT" time="5.866" errors="0">
  <testcase name="validateQuery" time="4.114" classname="Nasa.API.APIValidateFieldsTest"/>
  <testcase name="verifyStatusCode" time="1.667" classname="Nasa.API.APIValidateFieldsTest"/>
  <testcase name="verifyDate" time="0.004" classname="Nasa.API.APIValidateFieldsTest"/>
  <testcase name="verifyUrl" time="0.001" classname="Nasa.API.APIValidateFieldsTest"/>
</testsuite> <!-- Surefire test -->
