<?xml version="1.0" encoding="UTF-8"?>
<!-- Generated by org.testng.reporters.JUnitXMLReporter -->
<testsuite hostname="Girish-Laptop" ignored="0" name="Default test" tests="4" failures="0" timestamp="22 Apr 2019 06:47:54 GMT" time="5.346" errors="0">
  <testcase name="validateQuery" time="3.881" classname="Nasa.API.APIValidateFieldsTest"/>
  <testcase name="verifyStatusCode" time="1.232" classname="Nasa.API.APIValidateFieldsTest"/>
  <testcase name="verifyDate" time="0.069" classname="Nasa.API.APIValidateFieldsTest"/>
  <testcase name="verifyUrl" time="0.006" classname="Nasa.API.APIValidateFieldsTest"/>
</testsuite> <!-- Default test -->
