<?xml version="1.0" encoding="UTF-8"?>
<testng-results skipped="0" failed="0" ignored="0" total="4" passed="4">
  <reporter-output>
  </reporter-output>
  <suite name="Surefire suite" duration-ms="5866" started-at="2019-04-22T06:00:39Z" finished-at="2019-04-22T06:00:44Z">
    <groups>
    </groups>
    <test name="Surefire test" duration-ms="5866" started-at="2019-04-22T06:00:39Z" finished-at="2019-04-22T06:00:44Z">
      <class name="Nasa.API.APIValidateFieldsTest">
        <test-method status="PASS" signature="getData()[pri:0, instance:Nasa.API.APIValidateFieldsTest@5a61f5df]" name="getData" is-config="true" duration-ms="23" started-at="2019-04-22T06:00:39Z" finished-at="2019-04-22T06:00:39Z">
          <reporter-output>
          </reporter-output>
        </test-method> <!-- getData -->
        <test-method status="PASS" signature="validateQuery()[pri:0, instance:Nasa.API.APIValidateFieldsTest@5a61f5df]" name="validateQuery" duration-ms="4114" started-at="2019-04-22T06:00:39Z" finished-at="2019-04-22T06:00:43Z">
          <reporter-output>
          </reporter-output>
        </test-method> <!-- validateQuery -->
        <test-method status="PASS" signature="verifyStatusCode()[pri:1, instance:Nasa.API.APIValidateFieldsTest@5a61f5df]" name="verifyStatusCode" duration-ms="1667" started-at="2019-04-22T06:00:43Z" finished-at="2019-04-22T06:00:44Z">
          <reporter-output>
          </reporter-output>
        </test-method> <!-- verifyStatusCode -->
        <test-method status="PASS" signature="verifyDate()[pri:0, instance:Nasa.API.APIValidateFieldsTest@5a61f5df]" name="verifyDate" duration-ms="4" started-at="2019-04-22T06:00:44Z" depends-on-methods="Nasa.API.APIValidateFieldsTest.verifyStatusCode" finished-at="2019-04-22T06:00:44Z">
          <reporter-output>
          </reporter-output>
        </test-method> <!-- verifyDate -->
        <test-method status="PASS" signature="verifyUrl()[pri:0, instance:Nasa.API.APIValidateFieldsTest@5a61f5df]" name="verifyUrl" duration-ms="1" started-at="2019-04-22T06:00:44Z" depends-on-methods="Nasa.API.APIValidateFieldsTest.verifyStatusCode" finished-at="2019-04-22T06:00:44Z">
          <reporter-output>
          </reporter-output>
        </test-method> <!-- verifyUrl -->
      </class> <!-- Nasa.API.APIValidateFieldsTest -->
    </test> <!-- Surefire test -->
  </suite> <!-- Surefire suite -->
</testng-results>
