<?xml version="1.0" encoding="UTF-8"?>
<testsuite xmlns:xsi="http://www.w3.org/2001/XMLSchema-instance" xsi:noNamespaceSchemaLocation="https://maven.apache.org/surefire/maven-surefire-plugin/xsd/surefire-test-report-3.0.xsd" version="3.0" name="Nasa.API.APIValidateFieldsTest" time="7.174" tests="4" errors="0" skipped="0" failures="0">
  <properties>
[...]
</properties>
  <testcase name="validateQuery" classname="Nasa.API.APIValidateFieldsTest" time="4.113"/>
  <testcase name="verifyStatusCode" classname="Nasa.API.APIValidateFieldsTest" time="1.667"/>
  <testcase name="verifyDate" classname="Nasa.API.APIValidateFieldsTest" time="0.004"/>
  <testcase name="verifyUrl" classname="Nasa.API.APIValidateFieldsTest" time="0.002"/>
</testsuite>